Qflow migration logfile created on Thu 31 Aug 2023 02:24:26 PM +0330
magic -dnull -noconsole  migrate_phoeniX.tcl

Magic 8.3 revision 50 - Compiled on Tue 15 Aug 2023 09:47:27 PM +0330.
Starting magic under Tcl interpreter
Using the terminal as the console.
Using NULL graphics device.
Processing system .magicrc file
Input style lambda=0.10(p): scaleFactor=10, multiplier=1
Contact size value ignored (using GDS generation rules).
Contact size value ignored (using GDS generation rules).
Contact size value ignored (using GDS generation rules).
Contact size value ignored (using GDS generation rules).
Contact size value ignored (using GDS generation rules).
Contact size value ignored (using GDS generation rules).
Loading "migrate_phoeniX.tcl" from command line.
Root cell box:
           width x height  (   llx,  lly  ), (   urx,  ury  )

microns:    0.00 x 0.00    (  0.00,  0.00 ), (  0.00,  0.00 )
lambda:        0 x 0       (     0,  0    ), (     0,  0    )
Reading LEF data from file /usr/local/share/qflow/tech/osu018/osu018_stdcells.lef.
This action cannot be undone.
LEF read, Line 16 (Message): Unknown keyword "OBS" in LEF file; ignoring.
LEF read, Line 17 (Message): Unknown keyword "PIN" in LEF file; ignoring.
LEF read: Processed 2941 lines.
Reading DEF data from file phoeniX.def.
This action cannot be undone.
  Processed 5 vias total.
  Processed 6430 subcell instances total.
  Processed 144 pins total.
  Processed 5823 nets total.
  Processed 1118 special nets total.
DEF read: Processed 80401 lines.
Generating LEF output phoeniX.lef for cell phoeniX:
Diagnostic:  Write LEF header for cell phoeniX
Diagnostic:  Writing LEF output for cell phoeniX
Diagnostic:  Scale value is 0.100000
Extracting INVX4 into INVX4.ext:
Completed 100%
Extracting NOR3X1 into NOR3X1.ext:
Completed 100%
Extracting XOR2X1 into XOR2X1.ext:
Completed 100%
Extracting INVX8 into INVX8.ext:
Completed 100%
Extracting BUFX4 into BUFX4.ext:
Completed 100%
Extracting AOI22X1 into AOI22X1.ext:
Completed 100%
Extracting OAI22X1 into OAI22X1.ext:
Completed 100%
Extracting AND2X2 into AND2X2.ext:
Completed 100%
Extracting INVX2 into INVX2.ext:
Completed 100%
Extracting MUX2X1 into MUX2X1.ext:
Completed 100%
Extracting XNOR2X1 into XNOR2X1.ext:
Completed 100%
Extracting AOI21X1 into AOI21X1.ext:
Completed 100%
Extracting INVX1 into INVX1.ext:
Completed 100%
Extracting OAI21X1 into OAI21X1.ext:
Completed 100%
Extracting OR2X2 into OR2X2.ext:
Completed 100%
Extracting NOR2X1 into NOR2X1.ext:
Completed 100%
Extracting NAND2X1 into NAND2X1.ext:
Completed 100%
Extracting FILL into FILL.ext:
Completed 100%
Extracting NAND3X1 into NAND3X1.ext:
Completed 100%
Extracting DFFPOSX1 into DFFPOSX1.ext:
Completed 100%
Extracting CLKBUF1 into CLKBUF1.ext:
Completed 100%
Extracting BUFX2 into BUFX2.ext:
Completed 100%
Extracting phoeniX into phoeniX.ext:
Completed 5%
Completed 10%
Completed 15%
Completed 20%
Completed 25%
Completed 30%
Completed 35%
Completed 40%
Completed 45%
Completed 50%
Completed 55%
Completed 60%
Completed 65%
Completed 70%
Completed 75%
Completed 80%
Completed 85%
Completed 90%
Completed 95%
Completed 100%
exttospice finished.
Migration script ended on Thu 31 Aug 2023 02:24:46 PM +0330
