Qflow placement logfile created on Thu 31 Aug 2023 02:02:50 PM +0330
Running blif2cel to generate input files for graywolf
blif2cel.tcl --blif /home/arvin/Desktop/QFlow_test/phoeniX/synthesis/phoeniX.blif  --lef  /usr/local/share/qflow/tech/osu018/osu018_stdcells.lef --cel /home/arvin/Desktop/QFlow_test/phoeniX/layout/phoeniX.cel 
Opened BLIF file (/home/arvin/Desktop/QFlow_test/phoeniX/synthesis/phoeniX.blif) for reading ...
Opened CEL file (/home/arvin/Desktop/QFlow_test/phoeniX/layout/phoeniX.cel) for writing...
Loaded /usr/local/share/qflow/tech/osu018/osu018_stdcells.lef file for reading...
1st pass of blif file /home/arvin/Desktop/QFlow_test/phoeniX/synthesis/phoeniX.blif. . .
Reading macros and/or technology data from LEF file. . .
LEF file specifies route layer Y pitch as 1
LEF file specifies route layer X pitch as 0.8
Parsing macro AND2X2
Parsing macro AOI21X1
Parsing macro AOI22X1
Parsing macro BUFX2
Parsing macro BUFX4
Parsing macro NOR3X1
Parsing macro DFFPOSX1
Parsing macro INVX1
Parsing macro INVX2
Parsing macro INVX4
Parsing macro INVX8
Parsing macro NAND2X1
Parsing macro NAND3X1
Parsing macro NOR2X1
Parsing macro OAI21X1
Parsing macro OAI22X1
Parsing macro OR2X2
Parsing macro XOR2X1
Parsing macro MUX2X1
Parsing macro XNOR2X1
Parsing macro CLKBUF1
2nd pass of blif file. . .
3rd pass of blif file. . .
Found duplicate pin name data_memory_interface_data[0] while processing outputs
Found duplicate pin name data_memory_interface_data[1] while processing outputs
Found duplicate pin name data_memory_interface_data[2] while processing outputs
Found duplicate pin name data_memory_interface_data[3] while processing outputs
Found duplicate pin name data_memory_interface_data[4] while processing outputs
Found duplicate pin name data_memory_interface_data[5] while processing outputs
Found duplicate pin name data_memory_interface_data[6] while processing outputs
Found duplicate pin name data_memory_interface_data[7] while processing outputs
Found duplicate pin name data_memory_interface_data[8] while processing outputs
Found duplicate pin name data_memory_interface_data[9] while processing outputs
Found duplicate pin name data_memory_interface_data[10] while processing outputs
Found duplicate pin name data_memory_interface_data[11] while processing outputs
Found duplicate pin name data_memory_interface_data[12] while processing outputs
Found duplicate pin name data_memory_interface_data[13] while processing outputs
Found duplicate pin name data_memory_interface_data[14] while processing outputs
Found duplicate pin name data_memory_interface_data[15] while processing outputs
Found duplicate pin name data_memory_interface_data[16] while processing outputs
Found duplicate pin name data_memory_interface_data[17] while processing outputs
Found duplicate pin name data_memory_interface_data[18] while processing outputs
Found duplicate pin name data_memory_interface_data[19] while processing outputs
Found duplicate pin name data_memory_interface_data[20] while processing outputs
Found duplicate pin name data_memory_interface_data[21] while processing outputs
Found duplicate pin name data_memory_interface_data[22] while processing outputs
Found duplicate pin name data_memory_interface_data[23] while processing outputs
Found duplicate pin name data_memory_interface_data[24] while processing outputs
Found duplicate pin name data_memory_interface_data[25] while processing outputs
Found duplicate pin name data_memory_interface_data[26] while processing outputs
Found duplicate pin name data_memory_interface_data[27] while processing outputs
Found duplicate pin name data_memory_interface_data[28] while processing outputs
Found duplicate pin name data_memory_interface_data[29] while processing outputs
Found duplicate pin name data_memory_interface_data[30] while processing outputs
Found duplicate pin name data_memory_interface_data[31] while processing outputs
Done!
No phoeniX.cel1 file found for project. . . no partial blockages to apply to layout.
No phoeniX.cel2 file found for project. . . continuing without pin placement hints
Running GrayWolf placement
graywolf  phoeniX

twflow version:2.1 date:Mon May 25 21:15:08 EDT 1992
Authors: Bill Swartz, Carl Sechen
         Yale University

syntax version:v1.1 date:Mon May 25 21:11:10 EDT 1992
TimberWolf System Syntax Checker
Authors: Carl Sechen, Kai-Win Lee, Bill Swartz,
         Dahe Chen, and Jimmy Lam
         Yale University

Read   50 objects so far...
Read  100 objects so far...
Read  150 objects so far...
Read  200 objects so far...
Read  250 objects so far...
Read  300 objects so far...
Read  350 objects so far...
Read  400 objects so far...
Read  450 objects so far...
Read  500 objects so far...
Read  550 objects so far...
Read  600 objects so far...
Read  650 objects so far...
Read  700 objects so far...
Read  750 objects so far...
Read  800 objects so far...
Read  850 objects so far...
Read  900 objects so far...
Read  950 objects so far...
Read 1000 objects so far...
Read 1050 objects so far...
Read 1100 objects so far...
Read 1150 objects so far...
Read 1200 objects so far...
Read 1250 objects so far...
Read 1300 objects so far...
Read 1350 objects so far...
Read 1400 objects so far...
Read 1450 objects so far...
Read 1500 objects so far...
Read 1550 objects so far...
Read 1600 objects so far...
Read 1650 objects so far...
Read 1700 objects so far...
Read 1750 objects so far...
Read 1800 objects so far...
Read 1850 objects so far...
Read 1900 objects so far...
Read 1950 objects so far...
Read 2000 objects so far...
Read 2050 objects so far...
Read 2100 objects so far...
Read 2150 objects so far...
Read 2200 objects so far...
Read 2250 objects so far...
Read 2300 objects so far...
Read 2350 objects so far...
Read 2400 objects so far...
Read 2450 objects so far...
Read 2500 objects so far...
Read 2550 objects so far...
Read 2600 objects so far...
Read 2650 objects so far...
Read 2700 objects so far...
Read 2750 objects so far...
Read 2800 objects so far...
Read 2850 objects so far...
Read 2900 objects so far...
Read 2950 objects so far...
Read 3000 objects so far...
Read 3050 objects so far...
Read 3100 objects so far...
Read 3150 objects so far...
Read 3200 objects so far...
Read 3250 objects so far...
Read 3300 objects so far...
Read 3350 objects so far...
Read 3400 objects so far...
Read 3450 objects so far...
Read 3500 objects so far...
Read 3550 objects so far...
Read 3600 objects so far...
Read 3650 objects so far...
Read 3700 objects so far...
Read 3750 objects so far...
Read 3800 objects so far...
Read 3850 objects so far...
Read 3900 objects so far...
Read 3950 objects so far...
Read 4000 objects so far...
Read 4050 objects so far...
Read 4100 objects so far...
Read 4150 objects so far...
Read 4200 objects so far...
Read 4250 objects so far...
Read 4300 objects so far...
Read 4350 objects so far...
Read 4400 objects so far...
Read 4450 objects so far...
Read 4500 objects so far...
Read 4550 objects so far...
Read 4600 objects so far...
Read 4650 objects so far...
Read 4700 objects so far...
Read 4750 objects so far...
Read 4800 objects so far...
Read 4850 objects so far...
Read 4900 objects so far...
Read 4950 objects so far...
Read 5000 objects so far...
Read 5050 objects so far...
Read 5100 objects so far...
Read 5150 objects so far...
Read 5200 objects so far...
Read 5250 objects so far...
Read 5300 objects so far...
Read 5350 objects so far...
Read 5400 objects so far...
Read 5450 objects so far...
Read 5500 objects so far...
Read 5550 objects so far...
Read 5600 objects so far...
Read 5650 objects so far...
Read 5700 objects so far...
Read 5750 objects so far...
No syntax errors were found

syntax terminated normally with no errors and 0 warning[s]


----------------------------
Total stdcells     :5655
Total cell width   :1.96e+06
Total cell height  :5.66e+06
Total cell area    :1.96e+09
Total core area    :1.96e+09
Average cell height:1.00e+03


nocut - replacement for Mincut version:v1.0 date:Mon May 25 21:09:40 EDT 1992
TimberWolf System Floorplan Setup Program
Authors: Carl Sechen, Bill Swartz,
         Yale University

Read   50 objects so far...
Read  100 objects so far...
Read  150 objects so far...
Read  200 objects so far...
Read  250 objects so far...
Read  300 objects so far...
Read  350 objects so far...
Read  400 objects so far...
Read  450 objects so far...
Read  500 objects so far...
Read  550 objects so far...
Read  600 objects so far...
Read  650 objects so far...
Read  700 objects so far...
Read  750 objects so far...
Read  800 objects so far...
Read  850 objects so far...
Read  900 objects so far...
Read  950 objects so far...
Read 1000 objects so far...
Read 1050 objects so far...
Read 1100 objects so far...
Read 1150 objects so far...
Read 1200 objects so far...
Read 1250 objects so far...
Read 1300 objects so far...
Read 1350 objects so far...
Read 1400 objects so far...
Read 1450 objects so far...
Read 1500 objects so far...
Read 1550 objects so far...
Read 1600 objects so far...
Read 1650 objects so far...
Read 1700 objects so far...
Read 1750 objects so far...
Read 1800 objects so far...
Read 1850 objects so far...
Read 1900 objects so far...
Read 1950 objects so far...
Read 2000 objects so far...
Read 2050 objects so far...
Read 2100 objects so far...
Read 2150 objects so far...
Read 2200 objects so far...
Read 2250 objects so far...
Read 2300 objects so far...
Read 2350 objects so far...
Read 2400 objects so far...
Read 2450 objects so far...
Read 2500 objects so far...
Read 2550 objects so far...
Read 2600 objects so far...
Read 2650 objects so far...
Read 2700 objects so far...
Read 2750 objects so far...
Read 2800 objects so far...
Read 2850 objects so far...
Read 2900 objects so far...
Read 2950 objects so far...
Read 3000 objects so far...
Read 3050 objects so far...
Read 3100 objects so far...
Read 3150 objects so far...
Read 3200 objects so far...
Read 3250 objects so far...
Read 3300 objects so far...
Read 3350 objects so far...
Read 3400 objects so far...
Read 3450 objects so far...
Read 3500 objects so far...
Read 3550 objects so far...
Read 3600 objects so far...
Read 3650 objects so far...
Read 3700 objects so far...
Read 3750 objects so far...
Read 3800 objects so far...
Read 3850 objects so far...
Read 3900 objects so far...
Read 3950 objects so far...
Read 4000 objects so far...
Read 4050 objects so far...
Read 4100 objects so far...
Read 4150 objects so far...
Read 4200 objects so far...
Read 4250 objects so far...
Read 4300 objects so far...
Read 4350 objects so far...
Read 4400 objects so far...
Read 4450 objects so far...
Read 4500 objects so far...
Read 4550 objects so far...
Read 4600 objects so far...
Read 4650 objects so far...
Read 4700 objects so far...
Read 4750 objects so far...
Read 4800 objects so far...
Read 4850 objects so far...
Read 4900 objects so far...
Read 4950 objects so far...
Read 5000 objects so far...
Read 5050 objects so far...
Read 5100 objects so far...
Read 5150 objects so far...
Read 5200 objects so far...
Read 5250 objects so far...
Read 5300 objects so far...
Read 5350 objects so far...
Read 5400 objects so far...
Read 5450 objects so far...
Read 5500 objects so far...
Read 5550 objects so far...
Read 5600 objects so far...
Read 5650 objects so far...
Read 5700 objects so far...
Read 5750 objects so far...
Splitting phoeniX.cel into phoeniX.scel and phoeniX.mcel...
	done!


nocut - replacement for Mincut terminated normally with no errors and 0 warning[s]


TimberWolfMC version:v2.2 date:Mon May 25 21:18:34 EDT 1992
Authors: Carl Sechen, Bill Swartz, Kai-Win Lee
         Dahe Chen, and Jimmy Lam
         Yale University

config version:v1.0 date:Mon May 25 20:57:18 EDT 1992
Row configuration program
    Yale University


config switches:
	Graphics mode on
	config will inherit window



config terminated normally with no errors and 0 warning[s]


TimberWolfMC terminated normally with no errors and 0 warning[s]



TimberWolfSC switches:
	Graphics mode on
	TimberWolfSC will inherit window

TimberWolfSC version:v6.0 date:Mon May 25 21:19:07 EDT 1992
Row-Based Placement and Global Routing Program
Authors: Carl Sechen, Kai-Win Lee, and Bill Swartz,
         Yale University
  0 
  1   2   3   4   5   6   7   8   9  10  11  12  13  14  15 
 16  17  18  19  20  21  22  23  24  25  26  27  28  29  30 
 31  32  33  34  35  36  37  38  39  40  41  42  43  44  45 
 46  47  48  49  50  51  52  53  54  55  56  57  58  59  60 
 61  62  63  64  65  66  67  68  69  70  71  72  73  74  75 
 76  77  78  79  80  81  82  83  84  85  86  87  88  89  90 
 91  92  93  94  95  96  97  98  99 100 101 102 103 104 105 
106 107 108 109 110 111 112 113 114 115 116 117 118 119 120 
121 122 123 124 125 126 127 128 129 130 131 132 133 134 135 
136 137 138 139 140 141 142 143 144 145 146 147 148 149 150 
151 152 153 154 155 156 157 158 
 block left edge is at -239
 the longest block length is 46960
 building the steiner trees
 rebuilding the steiner tree

----start doing coarse global routing ------ 
 ITERATION  1

  longest Row is:8   Its length is:44720
 doing feed-through pins assignment
 building the net-tree now !
 set up the global routing grids
 the starting value of tracks =  823
 tracks = 808 at attempts =  1000
 tracks = 798 at attempts =  2000
 tracks = 790 at attempts =  3000
 tracks = 785 at attempts =  4000
 tracks = 783 at attempts =  5000
 tracks = 774 at attempts =  6000
 tracks = 767 at attempts =  7000
 tracks = 764 at attempts =  8000
 tracks = 762 at attempts =  9000
 tracks = 760 at attempts = 10000
 tracks = 758 at attempts = 11000
 tracks = 758 at attempts = 12000
 tracks = 756 at attempts = 13000
 tracks = 754 at attempts = 14000
 tracks = 752 at attempts = 15000
 tracks = 751 at attempts = 16000
 tracks = 751 at attempts = 17000
 tracks = 750 at attempts = 18000
 tracks = 750 at attempts = 19000
 tracks = 750 at attempts = 20000
 tracks = 747 at attempts = 21000
 tracks = 747 at attempts = 22000
 tracks = 746 at attempts = 23000
 tracks = 746 at attempts = 24000
 tracks = 746 at attempts = 25000
 tracks = 746 at attempts = 26000
 tracks = 745 at attempts = 27000
 tracks = 745 at attempts = 28000
 tracks = 745 at attempts = 29000
 tracks = 745 at attempts = 30000
 tracks = 745 at attempts = 31000
 tracks = 745 at attempts = 32000
 tracks = 744 at attempts = 33000
 tracks = 744 at attempts = 34000
 tracks = 743 at attempts = 35000
 tracks = 743 at attempts = 36000
 tracks = 741 at attempts = 37000
 tracks = 740 at attempts = 38000
 tracks = 740 at attempts = 39000
 tracks = 740 at attempts = 40000
 tracks = 740 at attempts = 41000
 tracks = 740 at attempts = 42000
 tracks = 740 at attempts = 43000
 tracks = 740 at attempts = 44000
 tracks = 740 at attempts = 45000
 tracks = 740 at attempts = 46000
 tracks = 740 at attempts = 47000
 tracks = 740 at attempts = 48000
 tracks = 740 at attempts = 49000
 tracks = 740 at attempts = 50000
 tracks = 740 at attempts = 51000
 tracks = 740 at attempts = 52000
 tracks = 740 at attempts = 53000
 tracks = 740 at attempts = 54000
 tracks = 740 at attempts = 55000
 tracks = 740 at attempts = 56000
 tracks = 740 at attempts = 57000
 tracks = 740 at attempts = 58000
 tracks = 740 at attempts = 59000
 tracks = 740 at attempts = 60000
 tracks = 740 at attempts = 61000
 tracks = 740 at attempts = 62000
 tracks = 740 at attempts = 63000
 tracks = 740 at attempts = 64000
 tracks = 740 at attempts = 65000
 tracks = 740 at attempts = 66000
 tracks = 740 at attempts = 67000
 tracks = 740 at attempts = 68000
 tracks = 740 at attempts = 69000
 tracks = 740 at attempts = 70000
 tracks = 740 at attempts = 71000
 tracks = 740 at attempts = 72000
 tracks = 740 at attempts = 73000
 tracks = 740 at attempts = 74000
 tracks = 740 at attempts = 75000
 tracks = 740 at attempts = 76000
 tracks = 740 at attempts = 77000
 tracks = 740 at attempts = 78000
 tracks = 740 at attempts = 79000
 tracks = 740 at attempts = 80000
 tracks = 740 at attempts = 81000
 tracks = 740 at attempts = 82000
 tracks = 740 at attempts = 83000
 tracks = 740 at attempts = 84000
 tracks = 740 at attempts = 85000
 tracks = 740 at attempts = 86000
 tracks = 740 at attempts = 87000
 tracks = 740 at attempts = 88000
 tracks = 740 at attempts = 89000
 tracks = 740 at attempts = 90000
 tracks = 740 at attempts = 91000
 tracks = 740 at attempts = 92000
 tracks = 740 at attempts = 93000
 tracks = 740 at attempts = 94000
 tracks = 740 at attempts = 95000
 tracks = 740 at attempts = 96000
 tracks = 740 at attempts = 97000
 tracks = 740 at attempts = 98000
 tracks = 740 at attempts = 99000
 tracks = 740 at attempts = 100000
 tracks = 740 at attempts = 101000
 tracks = 740 at attempts = 102000
 tracks = 740 at attempts = 103000
 tracks = 740 at attempts = 104000
 tracks = 740 at attempts = 105000
 tracks = 740 at attempts = 106000
 tracks = 740 at attempts = 107000
 tracks = 740 at attempts = 108000
 tracks = 740 at attempts = 109000
 tracks = 740 at attempts = 110000
 tracks = 740 at attempts = 111000
 tracks = 740 at attempts = 112000
 tracks = 740 at attempts = 113000
 tracks = 740 at attempts = 114000
 tracks = 740 at attempts = 115000
 tracks = 740 at attempts = 116000
 tracks = 740 at attempts = 117000
 tracks = 740 at attempts = 118000
 tracks = 740 at attempts = 119000
 tracks = 740 at attempts = 120000
 tracks = 740 at attempts = 121000
 tracks = 740 at attempts = 122000
 tracks = 740 at attempts = 123000
 tracks = 740 at attempts = 124000
 tracks = 740 at attempts = 125000
 tracks = 740 at attempts = 126000
 tracks = 740 at attempts = 127000
 tracks = 740 at attempts = 128000
 tracks = 740 at attempts = 129000
 tracks = 740 at attempts = 130000
 tracks = 740 at attempts = 131000
 tracks = 740 at attempts = 132000
 tracks = 740 at attempts = 133000
 tracks = 740 at attempts = 134000
 tracks = 740 at attempts = 135000
 tracks = 740 at attempts = 136000
 tracks = 740 at attempts = 137000
 tracks = 740 at attempts = 138000
 tracks = 740 at attempts = 139000
 tracks = 740 at attempts = 140000
 tracks = 740 at attempts = 141000
 tracks = 740 at attempts = 142000
 tracks = 740 at attempts = 143000
 tracks = 740 at attempts = 144000
 tracks = 740 at attempts = 145000
 removing redundant feed-through pins
 the connectivity of all the nets is verified

 block left edge is at -239
 the longest block length is 46960
 building the steiner trees
 rebuilding the steiner tree

----start doing coarse global routing ------ 
 ITERATION  1

  longest Row is:8   Its length is:44720
 doing feed-through pins assignment
 building the net-tree now !
 set up the global routing grids
 the starting value of tracks =  809
 tracks = 796 at attempts =  1000
 tracks = 786 at attempts =  2000
 tracks = 781 at attempts =  3000
 tracks = 773 at attempts =  4000
 tracks = 759 at attempts =  5000
 tracks = 756 at attempts =  6000
 tracks = 754 at attempts =  7000
 tracks = 750 at attempts =  8000
 tracks = 745 at attempts =  9000
 tracks = 745 at attempts = 10000
 tracks = 744 at attempts = 11000
 tracks = 743 at attempts = 12000
 tracks = 743 at attempts = 13000
 tracks = 743 at attempts = 14000
 tracks = 741 at attempts = 15000
 tracks = 741 at attempts = 16000
 tracks = 739 at attempts = 17000
 tracks = 739 at attempts = 18000
 tracks = 739 at attempts = 19000
 tracks = 739 at attempts = 20000
 tracks = 739 at attempts = 21000
 tracks = 739 at attempts = 22000
 tracks = 738 at attempts = 23000
 tracks = 738 at attempts = 24000
 tracks = 738 at attempts = 25000
 tracks = 738 at attempts = 26000
 tracks = 738 at attempts = 27000
 tracks = 738 at attempts = 28000
 tracks = 738 at attempts = 29000
 tracks = 738 at attempts = 30000
 tracks = 738 at attempts = 31000
 tracks = 738 at attempts = 32000
 tracks = 738 at attempts = 33000
 tracks = 738 at attempts = 34000
 tracks = 738 at attempts = 35000
 tracks = 738 at attempts = 36000
 tracks = 738 at attempts = 37000
 tracks = 738 at attempts = 38000
 tracks = 738 at attempts = 39000
 tracks = 738 at attempts = 40000
 tracks = 738 at attempts = 41000
 tracks = 738 at attempts = 42000
 tracks = 738 at attempts = 43000
 tracks = 738 at attempts = 44000
 tracks = 738 at attempts = 45000
 tracks = 738 at attempts = 46000
 tracks = 738 at attempts = 47000
 tracks = 738 at attempts = 48000
 tracks = 738 at attempts = 49000
 tracks = 738 at attempts = 50000
 tracks = 738 at attempts = 51000
 tracks = 738 at attempts = 52000
 tracks = 738 at attempts = 53000
 tracks = 738 at attempts = 54000
 tracks = 738 at attempts = 55000
 tracks = 738 at attempts = 56000
 tracks = 738 at attempts = 57000
 tracks = 738 at attempts = 58000
 tracks = 738 at attempts = 59000
 tracks = 738 at attempts = 60000
 tracks = 738 at attempts = 61000
 tracks = 738 at attempts = 62000
 tracks = 738 at attempts = 63000
 tracks = 738 at attempts = 64000
 tracks = 738 at attempts = 65000
 tracks = 738 at attempts = 66000
 tracks = 738 at attempts = 67000
 tracks = 738 at attempts = 68000
 tracks = 738 at attempts = 69000
 tracks = 738 at attempts = 70000
 tracks = 738 at attempts = 71000
 tracks = 738 at attempts = 72000
 tracks = 738 at attempts = 73000
 tracks = 738 at attempts = 74000
 tracks = 738 at attempts = 75000
 tracks = 738 at attempts = 76000
 tracks = 738 at attempts = 77000
 tracks = 738 at attempts = 78000
 tracks = 738 at attempts = 79000
 tracks = 738 at attempts = 80000
 tracks = 738 at attempts = 81000
 tracks = 738 at attempts = 82000
 tracks = 738 at attempts = 83000
 tracks = 738 at attempts = 84000
 tracks = 738 at attempts = 85000
 tracks = 738 at attempts = 86000
 tracks = 738 at attempts = 87000
 tracks = 738 at attempts = 88000
 tracks = 738 at attempts = 89000
 tracks = 738 at attempts = 90000
 tracks = 738 at attempts = 91000
 tracks = 738 at attempts = 92000
 tracks = 738 at attempts = 93000
 tracks = 738 at attempts = 94000
 tracks = 738 at attempts = 95000
 tracks = 738 at attempts = 96000
 tracks = 738 at attempts = 97000
 tracks = 738 at attempts = 98000
 tracks = 738 at attempts = 99000
 tracks = 738 at attempts = 100000
 tracks = 738 at attempts = 101000
 tracks = 738 at attempts = 102000
 tracks = 738 at attempts = 103000
 tracks = 738 at attempts = 104000
 tracks = 738 at attempts = 105000
 tracks = 738 at attempts = 106000
 tracks = 738 at attempts = 107000
 tracks = 738 at attempts = 108000
 tracks = 738 at attempts = 109000
 tracks = 738 at attempts = 110000
 tracks = 738 at attempts = 111000
 tracks = 738 at attempts = 112000
 tracks = 738 at attempts = 113000
 tracks = 738 at attempts = 114000
 tracks = 738 at attempts = 115000
 tracks = 738 at attempts = 116000
 tracks = 738 at attempts = 117000
 tracks = 738 at attempts = 118000
 tracks = 738 at attempts = 119000
 tracks = 738 at attempts = 120000
 tracks = 738 at attempts = 121000
 tracks = 738 at attempts = 122000
 tracks = 738 at attempts = 123000
 tracks = 738 at attempts = 124000
 tracks = 738 at attempts = 125000
 tracks = 738 at attempts = 126000
 tracks = 738 at attempts = 127000
 tracks = 738 at attempts = 128000
 tracks = 738 at attempts = 129000
 tracks = 738 at attempts = 130000
 tracks = 738 at attempts = 131000
 tracks = 738 at attempts = 132000
 tracks = 738 at attempts = 133000
 tracks = 738 at attempts = 134000
 tracks = 738 at attempts = 135000
 tracks = 738 at attempts = 136000
 tracks = 738 at attempts = 137000
 tracks = 738 at attempts = 138000
 tracks = 738 at attempts = 139000
 tracks = 738 at attempts = 140000
 tracks = 738 at attempts = 141000
 tracks = 738 at attempts = 142000
 tracks = 738 at attempts = 143000
 tracks = 738 at attempts = 144000
 tracks = 738 at attempts = 145000
 removing redundant feed-through pins
 the connectivity of all the nets is verified

 block left edge is at -239
 the longest block length is 46960
 building the steiner trees
 rebuilding the steiner tree

----start doing coarse global routing ------ 
 ITERATION  1

  longest Row is:8   Its length is:44720
 doing feed-through pins assignment
 building the net-tree now !
 set up the global routing grids
 the starting value of tracks =  816
 tracks = 807 at attempts =  1000
 tracks = 793 at attempts =  2000
 tracks = 789 at attempts =  3000
 tracks = 780 at attempts =  4000
 tracks = 776 at attempts =  5000
 tracks = 770 at attempts =  6000
 tracks = 765 at attempts =  7000
 tracks = 759 at attempts =  8000
 tracks = 756 at attempts =  9000
 tracks = 754 at attempts = 10000
 tracks = 751 at attempts = 11000
 tracks = 750 at attempts = 12000
 tracks = 749 at attempts = 13000
 tracks = 749 at attempts = 14000
 tracks = 748 at attempts = 15000
 tracks = 748 at attempts = 16000
 tracks = 747 at attempts = 17000
 tracks = 747 at attempts = 18000
 tracks = 746 at attempts = 19000
 tracks = 746 at attempts = 20000
 tracks = 744 at attempts = 21000
 tracks = 744 at attempts = 22000
 tracks = 744 at attempts = 23000
 tracks = 742 at attempts = 24000
 tracks = 742 at attempts = 25000
 tracks = 742 at attempts = 26000
 tracks = 742 at attempts = 27000
 tracks = 740 at attempts = 28000
 tracks = 740 at attempts = 29000
 tracks = 740 at attempts = 30000
 tracks = 739 at attempts = 31000
 tracks = 739 at attempts = 32000
 tracks = 739 at attempts = 33000
 tracks = 739 at attempts = 34000
 tracks = 739 at attempts = 35000
 tracks = 739 at attempts = 36000
 tracks = 739 at attempts = 37000
 tracks = 739 at attempts = 38000
 tracks = 739 at attempts = 39000
 tracks = 738 at attempts = 40000
 tracks = 738 at attempts = 41000
 tracks = 737 at attempts = 42000
 tracks = 737 at attempts = 43000
 tracks = 737 at attempts = 44000
 tracks = 737 at attempts = 45000
 tracks = 737 at attempts = 46000
 tracks = 737 at attempts = 47000
 tracks = 737 at attempts = 48000
 tracks = 737 at attempts = 49000
 tracks = 737 at attempts = 50000
 tracks = 737 at attempts = 51000
 tracks = 737 at attempts = 52000
 tracks = 737 at attempts = 53000
 tracks = 737 at attempts = 54000
 tracks = 737 at attempts = 55000
 tracks = 737 at attempts = 56000
 tracks = 737 at attempts = 57000
 tracks = 737 at attempts = 58000
 tracks = 737 at attempts = 59000
 tracks = 737 at attempts = 60000
 tracks = 737 at attempts = 61000
 tracks = 737 at attempts = 62000
 tracks = 737 at attempts = 63000
 tracks = 737 at attempts = 64000
 tracks = 737 at attempts = 65000
 tracks = 737 at attempts = 66000
 tracks = 737 at attempts = 67000
 tracks = 737 at attempts = 68000
 tracks = 737 at attempts = 69000
 tracks = 737 at attempts = 70000
 tracks = 737 at attempts = 71000
 tracks = 736 at attempts = 72000
 tracks = 736 at attempts = 73000
 tracks = 736 at attempts = 74000
 tracks = 736 at attempts = 75000
 tracks = 736 at attempts = 76000
 tracks = 736 at attempts = 77000
 tracks = 736 at attempts = 78000
 tracks = 736 at attempts = 79000
 tracks = 735 at attempts = 80000
 tracks = 734 at attempts = 81000
 tracks = 734 at attempts = 82000
 tracks = 734 at attempts = 83000
 tracks = 734 at attempts = 84000
 tracks = 734 at attempts = 85000
 tracks = 734 at attempts = 86000
 tracks = 734 at attempts = 87000
 tracks = 734 at attempts = 88000
 tracks = 734 at attempts = 89000
 tracks = 734 at attempts = 90000
 tracks = 734 at attempts = 91000
 tracks = 734 at attempts = 92000
 tracks = 734 at attempts = 93000
 tracks = 734 at attempts = 94000
 tracks = 734 at attempts = 95000
 tracks = 734 at attempts = 96000
 tracks = 734 at attempts = 97000
 tracks = 734 at attempts = 98000
 tracks = 734 at attempts = 99000
 tracks = 734 at attempts = 100000
 tracks = 734 at attempts = 101000
 tracks = 734 at attempts = 102000
 tracks = 734 at attempts = 103000
 tracks = 734 at attempts = 104000
 tracks = 734 at attempts = 105000
 tracks = 734 at attempts = 106000
 tracks = 734 at attempts = 107000
 tracks = 734 at attempts = 108000
 tracks = 734 at attempts = 109000
 tracks = 734 at attempts = 110000
 tracks = 734 at attempts = 111000
 tracks = 734 at attempts = 112000
 tracks = 734 at attempts = 113000
 tracks = 734 at attempts = 114000
 tracks = 734 at attempts = 115000
 tracks = 734 at attempts = 116000
 tracks = 734 at attempts = 117000
 tracks = 734 at attempts = 118000
 tracks = 734 at attempts = 119000
 tracks = 734 at attempts = 120000
 tracks = 734 at attempts = 121000
 tracks = 734 at attempts = 122000
 tracks = 734 at attempts = 123000
 tracks = 734 at attempts = 124000
 tracks = 734 at attempts = 125000
 tracks = 734 at attempts = 126000
 tracks = 734 at attempts = 127000
 tracks = 734 at attempts = 128000
 tracks = 734 at attempts = 129000
 tracks = 734 at attempts = 130000
 tracks = 734 at attempts = 131000
 tracks = 734 at attempts = 132000
 tracks = 734 at attempts = 133000
 tracks = 734 at attempts = 134000
 tracks = 734 at attempts = 135000
 tracks = 734 at attempts = 136000
 tracks = 734 at attempts = 137000
 tracks = 734 at attempts = 138000
 tracks = 734 at attempts = 139000
 tracks = 734 at attempts = 140000
 tracks = 734 at attempts = 141000
 tracks = 734 at attempts = 142000
 tracks = 734 at attempts = 143000
 tracks = 734 at attempts = 144000
 tracks = 734 at attempts = 145000
 removing redundant feed-through pins
 the connectivity of all the nets is verified

 block left edge is at -239
 the longest block length is 46960
 building the steiner trees
 rebuilding the steiner tree

----start doing coarse global routing ------ 
 ITERATION  1

  longest Row is:8   Its length is:44720
 doing feed-through pins assignment
 building the net-tree now !
 set up the global routing grids
 the starting value of tracks =  796
 tracks = 796 at attempts =  1000
 tracks = 796 at attempts =  2000
 tracks = 796 at attempts =  3000
 tracks = 796 at attempts =  4000
 tracks = 796 at attempts =  5000
 tracks = 795 at attempts =  6000
 tracks = 794 at attempts =  7000
 tracks = 794 at attempts =  8000
 tracks = 794 at attempts =  9000
 tracks = 794 at attempts = 10000
 tracks = 794 at attempts = 11000
 tracks = 794 at attempts = 12000
 tracks = 794 at attempts = 13000
 tracks = 794 at attempts = 14000
 tracks = 794 at attempts = 15000
 tracks = 794 at attempts = 16000
 tracks = 794 at attempts = 17000
 tracks = 794 at attempts = 18000
 tracks = 794 at attempts = 19000
 tracks = 794 at attempts = 20000
 tracks = 794 at attempts = 21000
 tracks = 794 at attempts = 22000
 tracks = 794 at attempts = 23000
 tracks = 794 at attempts = 24000
 tracks = 794 at attempts = 25000
 tracks = 794 at attempts = 26000
 tracks = 793 at attempts = 27000
 tracks = 793 at attempts = 28000
 tracks = 793 at attempts = 29000
 tracks = 793 at attempts = 30000
 tracks = 793 at attempts = 31000
 tracks = 793 at attempts = 32000
 tracks = 793 at attempts = 33000
 tracks = 793 at attempts = 34000
 tracks = 793 at attempts = 35000
 tracks = 793 at attempts = 36000
 tracks = 793 at attempts = 37000
 tracks = 793 at attempts = 38000
 tracks = 793 at attempts = 39000
 tracks = 793 at attempts = 40000
 tracks = 793 at attempts = 41000
 tracks = 793 at attempts = 42000
 tracks = 793 at attempts = 43000
 tracks = 793 at attempts = 44000
 tracks = 793 at attempts = 45000
 tracks = 793 at attempts = 46000
 tracks = 793 at attempts = 47000
 tracks = 793 at attempts = 48000
 tracks = 793 at attempts = 49000
 tracks = 793 at attempts = 50000
 tracks = 793 at attempts = 51000
 tracks = 793 at attempts = 52000
 tracks = 793 at attempts = 53000
 tracks = 793 at attempts = 54000
 tracks = 793 at attempts = 55000
 tracks = 793 at attempts = 56000
 tracks = 793 at attempts = 57000
 tracks = 793 at attempts = 58000
 tracks = 793 at attempts = 59000
 tracks = 793 at attempts = 60000
 tracks = 793 at attempts = 61000
 tracks = 793 at attempts = 62000
 tracks = 793 at attempts = 63000
 tracks = 793 at attempts = 64000
 tracks = 793 at attempts = 65000
 tracks = 793 at attempts = 66000
 tracks = 793 at attempts = 67000
 tracks = 793 at attempts = 68000
 tracks = 793 at attempts = 69000
 tracks = 793 at attempts = 70000
 tracks = 793 at attempts = 71000
 tracks = 793 at attempts = 72000
 tracks = 793 at attempts = 73000
 tracks = 793 at attempts = 74000
 tracks = 793 at attempts = 75000
 tracks = 793 at attempts = 76000
 tracks = 793 at attempts = 77000
 tracks = 793 at attempts = 78000
 tracks = 793 at attempts = 79000
 tracks = 793 at attempts = 80000
 tracks = 793 at attempts = 81000
 tracks = 793 at attempts = 82000
 tracks = 793 at attempts = 83000
 tracks = 793 at attempts = 84000
 tracks = 793 at attempts = 85000
 tracks = 793 at attempts = 86000
 tracks = 793 at attempts = 87000
 tracks = 793 at attempts = 88000
 tracks = 793 at attempts = 89000
 tracks = 793 at attempts = 90000
 tracks = 793 at attempts = 91000
 tracks = 793 at attempts = 92000
 tracks = 793 at attempts = 93000
 tracks = 793 at attempts = 94000
 tracks = 793 at attempts = 95000
 tracks = 793 at attempts = 96000
 tracks = 793 at attempts = 97000
 tracks = 793 at attempts = 98000
 tracks = 793 at attempts = 99000
 tracks = 793 at attempts = 100000
 tracks = 793 at attempts = 101000
 tracks = 793 at attempts = 102000
 tracks = 793 at attempts = 103000
 tracks = 793 at attempts = 104000
 tracks = 793 at attempts = 105000
 tracks = 793 at attempts = 106000
 tracks = 793 at attempts = 107000
 tracks = 793 at attempts = 108000
 tracks = 793 at attempts = 109000
 tracks = 793 at attempts = 110000
 tracks = 793 at attempts = 111000
 tracks = 793 at attempts = 112000
 tracks = 793 at attempts = 113000
 tracks = 793 at attempts = 114000
 tracks = 793 at attempts = 115000
 tracks = 793 at attempts = 116000
 tracks = 793 at attempts = 117000
 tracks = 793 at attempts = 118000
 tracks = 793 at attempts = 119000
 tracks = 793 at attempts = 120000
 tracks = 793 at attempts = 121000
 tracks = 793 at attempts = 122000
 tracks = 793 at attempts = 123000
 tracks = 793 at attempts = 124000
 tracks = 793 at attempts = 125000
 tracks = 793 at attempts = 126000
 tracks = 793 at attempts = 127000
 tracks = 793 at attempts = 128000
 tracks = 793 at attempts = 129000
 tracks = 793 at attempts = 130000
 tracks = 793 at attempts = 131000
 tracks = 793 at attempts = 132000
 tracks = 793 at attempts = 133000
 tracks = 793 at attempts = 134000
 tracks = 793 at attempts = 135000
 tracks = 793 at attempts = 136000
 tracks = 793 at attempts = 137000
 tracks = 793 at attempts = 138000
 tracks = 793 at attempts = 139000
 tracks = 793 at attempts = 140000
 tracks = 793 at attempts = 141000
 tracks = 793 at attempts = 142000
 tracks = 793 at attempts = 143000
 tracks = 793 at attempts = 144000
 tracks = 793 at attempts = 145000
 removing redundant feed-through pins
 the connectivity of all the nets is verified

 block left edge is at -239
 the longest block length is 46960
 building the steiner trees
 rebuilding the steiner tree

----start doing coarse global routing ------ 
 ITERATION  1

  longest Row is:8   Its length is:44720
 doing feed-through pins assignment
 building the net-tree now !
 set up the global routing grids
 the starting value of tracks =  822
 tracks = 811 at attempts =  1000
 tracks = 800 at attempts =  2000
 tracks = 788 at attempts =  3000
 tracks = 782 at attempts =  4000
 tracks = 776 at attempts =  5000
 tracks = 771 at attempts =  6000
 tracks = 767 at attempts =  7000
 tracks = 765 at attempts =  8000
 tracks = 762 at attempts =  9000
 tracks = 760 at attempts = 10000
 tracks = 757 at attempts = 11000
 tracks = 756 at attempts = 12000
 tracks = 756 at attempts = 13000
 tracks = 756 at attempts = 14000
 tracks = 755 at attempts = 15000
 tracks = 755 at attempts = 16000
 tracks = 755 at attempts = 17000
 tracks = 754 at attempts = 18000
 tracks = 754 at attempts = 19000
 tracks = 753 at attempts = 20000
 tracks = 753 at attempts = 21000
 tracks = 751 at attempts = 22000
 tracks = 750 at attempts = 23000
 tracks = 750 at attempts = 24000
 tracks = 749 at attempts = 25000
 tracks = 749 at attempts = 26000
 tracks = 749 at attempts = 27000
 tracks = 748 at attempts = 28000
 tracks = 748 at attempts = 29000
 tracks = 748 at attempts = 30000
 tracks = 748 at attempts = 31000
 tracks = 748 at attempts = 32000
 tracks = 748 at attempts = 33000
 tracks = 748 at attempts = 34000
 tracks = 748 at attempts = 35000
 tracks = 748 at attempts = 36000
 tracks = 748 at attempts = 37000
 tracks = 748 at attempts = 38000
 tracks = 748 at attempts = 39000
 tracks = 748 at attempts = 40000
 tracks = 748 at attempts = 41000
 tracks = 748 at attempts = 42000
 tracks = 748 at attempts = 43000
 tracks = 748 at attempts = 44000
 tracks = 748 at attempts = 45000
 tracks = 748 at attempts = 46000
 tracks = 747 at attempts = 47000
 tracks = 747 at attempts = 48000
 tracks = 747 at attempts = 49000
 tracks = 747 at attempts = 50000
 tracks = 747 at attempts = 51000
 tracks = 747 at attempts = 52000
 tracks = 747 at attempts = 53000
 tracks = 747 at attempts = 54000
 tracks = 747 at attempts = 55000
 tracks = 747 at attempts = 56000
 tracks = 747 at attempts = 57000
 tracks = 747 at attempts = 58000
 tracks = 747 at attempts = 59000
 tracks = 747 at attempts = 60000
 tracks = 747 at attempts = 61000
 tracks = 747 at attempts = 62000
 tracks = 747 at attempts = 63000
 tracks = 747 at attempts = 64000
 tracks = 747 at attempts = 65000
 tracks = 747 at attempts = 66000
 tracks = 747 at attempts = 67000
 tracks = 747 at attempts = 68000
 tracks = 747 at attempts = 69000
 tracks = 747 at attempts = 70000
 tracks = 747 at attempts = 71000
 tracks = 747 at attempts = 72000
 tracks = 747 at attempts = 73000
 tracks = 747 at attempts = 74000
 tracks = 747 at attempts = 75000
 tracks = 747 at attempts = 76000
 tracks = 747 at attempts = 77000
 tracks = 747 at attempts = 78000
 tracks = 747 at attempts = 79000
 tracks = 747 at attempts = 80000
 tracks = 747 at attempts = 81000
 tracks = 747 at attempts = 82000
 tracks = 747 at attempts = 83000
 tracks = 747 at attempts = 84000
 tracks = 747 at attempts = 85000
 tracks = 747 at attempts = 86000
 tracks = 747 at attempts = 87000
 tracks = 747 at attempts = 88000
 tracks = 747 at attempts = 89000
 tracks = 747 at attempts = 90000
 tracks = 747 at attempts = 91000
 tracks = 747 at attempts = 92000
 tracks = 747 at attempts = 93000
 tracks = 747 at attempts = 94000
 tracks = 747 at attempts = 95000
 tracks = 747 at attempts = 96000
 tracks = 747 at attempts = 97000
 tracks = 747 at attempts = 98000
 tracks = 747 at attempts = 99000
 tracks = 747 at attempts = 100000
 tracks = 747 at attempts = 101000
 tracks = 747 at attempts = 102000
 tracks = 747 at attempts = 103000
 tracks = 747 at attempts = 104000
 tracks = 747 at attempts = 105000
 tracks = 747 at attempts = 106000
 tracks = 747 at attempts = 107000
 tracks = 747 at attempts = 108000
 tracks = 747 at attempts = 109000
 tracks = 747 at attempts = 110000
 tracks = 747 at attempts = 111000
 tracks = 747 at attempts = 112000
 tracks = 747 at attempts = 113000
 tracks = 747 at attempts = 114000
 tracks = 747 at attempts = 115000
 tracks = 747 at attempts = 116000
 tracks = 747 at attempts = 117000
 tracks = 747 at attempts = 118000
 tracks = 747 at attempts = 119000
 tracks = 747 at attempts = 120000
 tracks = 747 at attempts = 121000
 tracks = 747 at attempts = 122000
 tracks = 747 at attempts = 123000
 tracks = 747 at attempts = 124000
 tracks = 747 at attempts = 125000
 tracks = 747 at attempts = 126000
 tracks = 747 at attempts = 127000
 tracks = 747 at attempts = 128000
 tracks = 747 at attempts = 129000
 tracks = 747 at attempts = 130000
 tracks = 747 at attempts = 131000
 tracks = 747 at attempts = 132000
 tracks = 747 at attempts = 133000
 tracks = 747 at attempts = 134000
 tracks = 747 at attempts = 135000
 tracks = 747 at attempts = 136000
 tracks = 747 at attempts = 137000
 tracks = 747 at attempts = 138000
 tracks = 747 at attempts = 139000
 tracks = 747 at attempts = 140000
 tracks = 747 at attempts = 141000
 tracks = 747 at attempts = 142000
 tracks = 747 at attempts = 143000
 tracks = 747 at attempts = 144000
 tracks = 747 at attempts = 145000
 removing redundant feed-through pins
 the connectivity of all the nets is verified

 block left edge is at -239
 the longest block length is 46960
 building the steiner trees
 rebuilding the steiner tree

----start doing coarse global routing ------ 
 ITERATION  1

  longest Row is:8   Its length is:44720
 doing feed-through pins assignment
 building the net-tree now !
 set up the global routing grids
 the starting value of tracks =  827
 tracks = 808 at attempts =  1000
 tracks = 792 at attempts =  2000
 tracks = 787 at attempts =  3000
 tracks = 783 at attempts =  4000
 tracks = 775 at attempts =  5000
 tracks = 767 at attempts =  6000
 tracks = 764 at attempts =  7000
 tracks = 760 at attempts =  8000
 tracks = 758 at attempts =  9000
 tracks = 754 at attempts = 10000
 tracks = 754 at attempts = 11000
 tracks = 754 at attempts = 12000
 tracks = 754 at attempts = 13000
 tracks = 752 at attempts = 14000
 tracks = 750 at attempts = 15000
 tracks = 750 at attempts = 16000
 tracks = 748 at attempts = 17000
 tracks = 748 at attempts = 18000
 tracks = 745 at attempts = 19000
 tracks = 745 at attempts = 20000
 tracks = 745 at attempts = 21000
 tracks = 745 at attempts = 22000
 tracks = 745 at attempts = 23000
 tracks = 744 at attempts = 24000
 tracks = 744 at attempts = 25000
 tracks = 744 at attempts = 26000
 tracks = 744 at attempts = 27000
 tracks = 744 at attempts = 28000
 tracks = 744 at attempts = 29000
 tracks = 744 at attempts = 30000
 tracks = 744 at attempts = 31000
 tracks = 744 at attempts = 32000
 tracks = 744 at attempts = 33000
 tracks = 744 at attempts = 34000
 tracks = 744 at attempts = 35000
 tracks = 744 at attempts = 36000
 tracks = 744 at attempts = 37000
 tracks = 744 at attempts = 38000
 tracks = 744 at attempts = 39000
 tracks = 744 at attempts = 40000
 tracks = 744 at attempts = 41000
 tracks = 744 at attempts = 42000
 tracks = 744 at attempts = 43000
 tracks = 744 at attempts = 44000
 tracks = 744 at attempts = 45000
 tracks = 744 at attempts = 46000
 tracks = 744 at attempts = 47000
 tracks = 744 at attempts = 48000
 tracks = 744 at attempts = 49000
 tracks = 744 at attempts = 50000
 tracks = 744 at attempts = 51000
 tracks = 744 at attempts = 52000
 tracks = 744 at attempts = 53000
 tracks = 743 at attempts = 54000
 tracks = 743 at attempts = 55000
 tracks = 743 at attempts = 56000
 tracks = 743 at attempts = 57000
 tracks = 743 at attempts = 58000
 tracks = 743 at attempts = 59000
 tracks = 742 at attempts = 60000
 tracks = 742 at attempts = 61000
 tracks = 742 at attempts = 62000
 tracks = 742 at attempts = 63000
 tracks = 742 at attempts = 64000
 tracks = 741 at attempts = 65000
 tracks = 741 at attempts = 66000
 tracks = 741 at attempts = 67000
 tracks = 741 at attempts = 68000
 tracks = 741 at attempts = 69000
 tracks = 741 at attempts = 70000
 tracks = 741 at attempts = 71000
 tracks = 741 at attempts = 72000
 tracks = 741 at attempts = 73000
 tracks = 741 at attempts = 74000
 tracks = 741 at attempts = 75000
 tracks = 741 at attempts = 76000
 tracks = 741 at attempts = 77000
 tracks = 741 at attempts = 78000
 tracks = 741 at attempts = 79000
 tracks = 741 at attempts = 80000
 tracks = 741 at attempts = 81000
 tracks = 741 at attempts = 82000
 tracks = 741 at attempts = 83000
 tracks = 741 at attempts = 84000
 tracks = 741 at attempts = 85000
 tracks = 741 at attempts = 86000
 tracks = 741 at attempts = 87000
 tracks = 741 at attempts = 88000
 tracks = 741 at attempts = 89000
 tracks = 741 at attempts = 90000
 tracks = 741 at attempts = 91000
 tracks = 741 at attempts = 92000
 tracks = 741 at attempts = 93000
 tracks = 741 at attempts = 94000
 tracks = 741 at attempts = 95000
 tracks = 741 at attempts = 96000
 tracks = 741 at attempts = 97000
 tracks = 741 at attempts = 98000
 tracks = 741 at attempts = 99000
 tracks = 741 at attempts = 100000
 tracks = 741 at attempts = 101000
 tracks = 741 at attempts = 102000
 tracks = 741 at attempts = 103000
 tracks = 741 at attempts = 104000
 tracks = 741 at attempts = 105000
 tracks = 741 at attempts = 106000
 tracks = 741 at attempts = 107000
 tracks = 741 at attempts = 108000
 tracks = 741 at attempts = 109000
 tracks = 741 at attempts = 110000
 tracks = 741 at attempts = 111000
 tracks = 741 at attempts = 112000
 tracks = 741 at attempts = 113000
 tracks = 741 at attempts = 114000
 tracks = 741 at attempts = 115000
 tracks = 741 at attempts = 116000
 tracks = 741 at attempts = 117000
 tracks = 741 at attempts = 118000
 tracks = 741 at attempts = 119000
 tracks = 741 at attempts = 120000
 tracks = 741 at attempts = 121000
 tracks = 741 at attempts = 122000
 tracks = 741 at attempts = 123000
 tracks = 741 at attempts = 124000
 tracks = 741 at attempts = 125000
 tracks = 741 at attempts = 126000
 tracks = 741 at attempts = 127000
 tracks = 741 at attempts = 128000
 tracks = 741 at attempts = 129000
 tracks = 741 at attempts = 130000
 tracks = 741 at attempts = 131000
 tracks = 741 at attempts = 132000
 tracks = 741 at attempts = 133000
 tracks = 741 at attempts = 134000
 tracks = 741 at attempts = 135000
 tracks = 741 at attempts = 136000
 tracks = 741 at attempts = 137000
 tracks = 741 at attempts = 138000
 tracks = 741 at attempts = 139000
 tracks = 741 at attempts = 140000
 tracks = 741 at attempts = 141000
 tracks = 741 at attempts = 142000
 tracks = 741 at attempts = 143000
 tracks = 741 at attempts = 144000
 tracks = 741 at attempts = 145000
 removing redundant feed-through pins
 the connectivity of all the nets is verified

 block left edge is at -239
 the longest block length is 46960
 building the steiner trees
 rebuilding the steiner tree

----start doing coarse global routing ------ 
 ITERATION  1

  longest Row is:8   Its length is:44720
 doing feed-through pins assignment
 building the net-tree now !
 set up the global routing grids
 the starting value of tracks =  812
 tracks = 798 at attempts =  1000
 tracks = 785 at attempts =  2000
 tracks = 779 at attempts =  3000
 tracks = 772 at attempts =  4000
 tracks = 768 at attempts =  5000
 tracks = 764 at attempts =  6000
 tracks = 763 at attempts =  7000
 tracks = 761 at attempts =  8000
 tracks = 758 at attempts =  9000
 tracks = 756 at attempts = 10000
 tracks = 753 at attempts = 11000
 tracks = 752 at attempts = 12000
 tracks = 751 at attempts = 13000
 tracks = 749 at attempts = 14000
 tracks = 749 at attempts = 15000
 tracks = 749 at attempts = 16000
 tracks = 748 at attempts = 17000
 tracks = 748 at attempts = 18000
 tracks = 747 at attempts = 19000
 tracks = 747 at attempts = 20000
 tracks = 747 at attempts = 21000
 tracks = 747 at attempts = 22000
 tracks = 746 at attempts = 23000
 tracks = 746 at attempts = 24000
 tracks = 746 at attempts = 25000
 tracks = 746 at attempts = 26000
 tracks = 745 at attempts = 27000
 tracks = 745 at attempts = 28000
 tracks = 745 at attempts = 29000
 tracks = 745 at attempts = 30000
 tracks = 745 at attempts = 31000
 tracks = 745 at attempts = 32000
 tracks = 745 at attempts = 33000
 tracks = 745 at attempts = 34000
 tracks = 745 at attempts = 35000
 tracks = 745 at attempts = 36000
 tracks = 745 at attempts = 37000
 tracks = 745 at attempts = 38000
 tracks = 745 at attempts = 39000
 tracks = 745 at attempts = 40000
 tracks = 745 at attempts = 41000
 tracks = 745 at attempts = 42000
 tracks = 745 at attempts = 43000
 tracks = 745 at attempts = 44000
 tracks = 745 at attempts = 45000
 tracks = 745 at attempts = 46000
 tracks = 745 at attempts = 47000
 tracks = 745 at attempts = 48000
 tracks = 745 at attempts = 49000
 tracks = 745 at attempts = 50000
 tracks = 745 at attempts = 51000
 tracks = 745 at attempts = 52000
 tracks = 745 at attempts = 53000
 tracks = 745 at attempts = 54000
 tracks = 745 at attempts = 55000
 tracks = 745 at attempts = 56000
 tracks = 745 at attempts = 57000
 tracks = 745 at attempts = 58000
 tracks = 745 at attempts = 59000
 tracks = 745 at attempts = 60000
 tracks = 745 at attempts = 61000
 tracks = 745 at attempts = 62000
 tracks = 745 at attempts = 63000
 tracks = 745 at attempts = 64000
 tracks = 745 at attempts = 65000
 tracks = 745 at attempts = 66000
 tracks = 745 at attempts = 67000
 tracks = 745 at attempts = 68000
 tracks = 745 at attempts = 69000
 tracks = 745 at attempts = 70000
 tracks = 745 at attempts = 71000
 tracks = 745 at attempts = 72000
 tracks = 745 at attempts = 73000
 tracks = 745 at attempts = 74000
 tracks = 745 at attempts = 75000
 tracks = 745 at attempts = 76000
 tracks = 745 at attempts = 77000
 tracks = 745 at attempts = 78000
 tracks = 745 at attempts = 79000
 tracks = 745 at attempts = 80000
 tracks = 745 at attempts = 81000
 tracks = 745 at attempts = 82000
 tracks = 745 at attempts = 83000
 tracks = 745 at attempts = 84000
 tracks = 745 at attempts = 85000
 tracks = 745 at attempts = 86000
 tracks = 745 at attempts = 87000
 tracks = 745 at attempts = 88000
 tracks = 745 at attempts = 89000
 tracks = 745 at attempts = 90000
 tracks = 745 at attempts = 91000
 tracks = 745 at attempts = 92000
 tracks = 745 at attempts = 93000
 tracks = 745 at attempts = 94000
 tracks = 745 at attempts = 95000
 tracks = 745 at attempts = 96000
 tracks = 745 at attempts = 97000
 tracks = 745 at attempts = 98000
 tracks = 745 at attempts = 99000
 tracks = 745 at attempts = 100000
 tracks = 745 at attempts = 101000
 tracks = 745 at attempts = 102000
 tracks = 745 at attempts = 103000
 tracks = 745 at attempts = 104000
 tracks = 745 at attempts = 105000
 tracks = 745 at attempts = 106000
 tracks = 745 at attempts = 107000
 tracks = 745 at attempts = 108000
 tracks = 745 at attempts = 109000
 tracks = 745 at attempts = 110000
 tracks = 745 at attempts = 111000
 tracks = 745 at attempts = 112000
 tracks = 745 at attempts = 113000
 tracks = 745 at attempts = 114000
 tracks = 745 at attempts = 115000
 tracks = 745 at attempts = 116000
 tracks = 745 at attempts = 117000
 tracks = 745 at attempts = 118000
 tracks = 745 at attempts = 119000
 tracks = 745 at attempts = 120000
 tracks = 745 at attempts = 121000
 tracks = 745 at attempts = 122000
 tracks = 745 at attempts = 123000
 tracks = 745 at attempts = 124000
 tracks = 745 at attempts = 125000
 tracks = 745 at attempts = 126000
 tracks = 745 at attempts = 127000
 tracks = 745 at attempts = 128000
 tracks = 745 at attempts = 129000
 tracks = 745 at attempts = 130000
 tracks = 745 at attempts = 131000
 tracks = 745 at attempts = 132000
 tracks = 745 at attempts = 133000
 tracks = 745 at attempts = 134000
 tracks = 745 at attempts = 135000
 tracks = 745 at attempts = 136000
 tracks = 745 at attempts = 137000
 tracks = 745 at attempts = 138000
 tracks = 745 at attempts = 139000
 tracks = 745 at attempts = 140000
 tracks = 745 at attempts = 141000
 tracks = 745 at attempts = 142000
 tracks = 745 at attempts = 143000
 tracks = 745 at attempts = 144000
 tracks = 745 at attempts = 145000
 removing redundant feed-through pins
 the connectivity of all the nets is verified

 block left edge is at -239
 the longest block length is 46960
 building the steiner trees
 rebuilding the steiner tree

----start doing coarse global routing ------ 
 ITERATION  1

  longest Row is:8   Its length is:44720
 doing feed-through pins assignment
 building the net-tree now !
 set up the global routing grids
 the starting value of tracks =  802
 tracks = 801 at attempts =  1000
 tracks = 801 at attempts =  2000
 tracks = 801 at attempts =  3000
 tracks = 800 at attempts =  4000
 tracks = 800 at attempts =  5000
 tracks = 800 at attempts =  6000
 tracks = 800 at attempts =  7000
 tracks = 800 at attempts =  8000
 tracks = 800 at attempts =  9000
 tracks = 800 at attempts = 10000
 tracks = 800 at attempts = 11000
 tracks = 800 at attempts = 12000
 tracks = 800 at attempts = 13000
 tracks = 800 at attempts = 14000
 tracks = 800 at attempts = 15000
 tracks = 800 at attempts = 16000
 tracks = 800 at attempts = 17000
 tracks = 800 at attempts = 18000
 tracks = 800 at attempts = 19000
 tracks = 800 at attempts = 20000
 tracks = 800 at attempts = 21000
 tracks = 800 at attempts = 22000
 tracks = 800 at attempts = 23000
 tracks = 800 at attempts = 24000
 tracks = 800 at attempts = 25000
 tracks = 799 at attempts = 26000
 tracks = 799 at attempts = 27000
 tracks = 799 at attempts = 28000
 tracks = 799 at attempts = 29000
 tracks = 799 at attempts = 30000
 tracks = 799 at attempts = 31000
 tracks = 799 at attempts = 32000
 tracks = 799 at attempts = 33000
 tracks = 799 at attempts = 34000
 tracks = 799 at attempts = 35000
 tracks = 799 at attempts = 36000
 tracks = 799 at attempts = 37000
 tracks = 799 at attempts = 38000
 tracks = 799 at attempts = 39000
 tracks = 799 at attempts = 40000
 tracks = 799 at attempts = 41000
 tracks = 799 at attempts = 42000
 tracks = 799 at attempts = 43000
 tracks = 799 at attempts = 44000
 tracks = 799 at attempts = 45000
 tracks = 799 at attempts = 46000
 tracks = 799 at attempts = 47000
 tracks = 799 at attempts = 48000
 tracks = 799 at attempts = 49000
 tracks = 799 at attempts = 50000
 tracks = 799 at attempts = 51000
 tracks = 799 at attempts = 52000
 tracks = 799 at attempts = 53000
 tracks = 799 at attempts = 54000
 tracks = 799 at attempts = 55000
 tracks = 799 at attempts = 56000
 tracks = 799 at attempts = 57000
 tracks = 799 at attempts = 58000
 tracks = 799 at attempts = 59000
 tracks = 799 at attempts = 60000
 tracks = 799 at attempts = 61000
 tracks = 799 at attempts = 62000
 tracks = 799 at attempts = 63000
 tracks = 799 at attempts = 64000
 tracks = 799 at attempts = 65000
 tracks = 799 at attempts = 66000
 tracks = 799 at attempts = 67000
 tracks = 799 at attempts = 68000
 tracks = 799 at attempts = 69000
 tracks = 799 at attempts = 70000
 tracks = 799 at attempts = 71000
 tracks = 799 at attempts = 72000
 tracks = 799 at attempts = 73000
 tracks = 799 at attempts = 74000
 tracks = 799 at attempts = 75000
 tracks = 799 at attempts = 76000
 tracks = 799 at attempts = 77000
 tracks = 799 at attempts = 78000
 tracks = 799 at attempts = 79000
 tracks = 799 at attempts = 80000
 tracks = 799 at attempts = 81000
 tracks = 799 at attempts = 82000
 tracks = 799 at attempts = 83000
 tracks = 799 at attempts = 84000
 tracks = 799 at attempts = 85000
 tracks = 799 at attempts = 86000
 tracks = 799 at attempts = 87000
 tracks = 799 at attempts = 88000
 tracks = 799 at attempts = 89000
 tracks = 799 at attempts = 90000
 tracks = 799 at attempts = 91000
 tracks = 799 at attempts = 92000
 tracks = 799 at attempts = 93000
 tracks = 799 at attempts = 94000
 tracks = 799 at attempts = 95000
 tracks = 799 at attempts = 96000
 tracks = 799 at attempts = 97000
 tracks = 799 at attempts = 98000
 tracks = 799 at attempts = 99000
 tracks = 799 at attempts = 100000
 tracks = 799 at attempts = 101000
 tracks = 799 at attempts = 102000
 tracks = 799 at attempts = 103000
 tracks = 799 at attempts = 104000
 tracks = 799 at attempts = 105000
 tracks = 799 at attempts = 106000
 tracks = 799 at attempts = 107000
 tracks = 799 at attempts = 108000
 tracks = 799 at attempts = 109000
 tracks = 799 at attempts = 110000
 tracks = 799 at attempts = 111000
 tracks = 799 at attempts = 112000
 tracks = 799 at attempts = 113000
 tracks = 799 at attempts = 114000
 tracks = 799 at attempts = 115000
 tracks = 799 at attempts = 116000
 tracks = 799 at attempts = 117000
 tracks = 799 at attempts = 118000
 tracks = 799 at attempts = 119000
 tracks = 799 at attempts = 120000
 tracks = 799 at attempts = 121000
 tracks = 799 at attempts = 122000
 tracks = 799 at attempts = 123000
 tracks = 799 at attempts = 124000
 tracks = 799 at attempts = 125000
 tracks = 799 at attempts = 126000
 tracks = 799 at attempts = 127000
 tracks = 799 at attempts = 128000
 tracks = 799 at attempts = 129000
 tracks = 799 at attempts = 130000
 tracks = 799 at attempts = 131000
 tracks = 799 at attempts = 132000
 tracks = 799 at attempts = 133000
 tracks = 799 at attempts = 134000
 tracks = 799 at attempts = 135000
 tracks = 799 at attempts = 136000
 tracks = 799 at attempts = 137000
 tracks = 799 at attempts = 138000
 tracks = 799 at attempts = 139000
 tracks = 799 at attempts = 140000
 tracks = 799 at attempts = 141000
 tracks = 799 at attempts = 142000
 tracks = 799 at attempts = 143000
 tracks = 799 at attempts = 144000
 tracks = 799 at attempts = 145000
 removing redundant feed-through pins
 the connectivity of all the nets is verified


***********************************************
*ACTUAL* FINAL NUMBER OF ROUTING TRACKS: 734
***********************************************


TimberWolfSC terminated normally with no errors and 0 warning[s]


twflow terminated normally with no errors and 0 warning[s]

Running getfillcell to determine cell to use for fill.
getfillcell.tcl phoeniX  /usr/local/share/qflow/tech/osu018/osu018_stdcells.lef FILL
Using cell FILL for fill
Running place2def to translate graywolf output to DEF format.
place2def.tcl phoeniX FILL 
Running place2def.tcl
DEF database: 100 units per micron
Limits: xbot = -535.0 ybot = -465.0 xtop = 44775.0 ytop = 44065.0
Core values: 40.0 50.0 44760.0 44050.0
Offsets: 40.0 50.0
6 routing layers
metal1: 447 vertical tracks from -3um with 1um pitch
metal2: 568 vertical tracks from -3.2um with 0.8um pitch
metal3: 447 vertical tracks from -3um with 1um pitch
metal4: 568 vertical tracks from -3.2um with 0.8um pitch
metal5: 447 vertical tracks from -3um with 1um pitch
metal6: 284 vertical tracks from -3.2um with 1.6um pitch
Summary: Total components = 5655
  Fill cells  = 0
  Other cells = 5655
Done with place2def.tcl
Running addspacers to generate power stripes and align cell right edge
addspacers.tcl  -stripe 2.0 50.0 PG phoeniX  /usr/local/share/qflow/tech/osu018/osu018_stdcells.lef FILL
Reading FILL macros from LEF file.
Reading DEF file phoeniX.def. . .
Number of rows is 44
Longest row has width 447.6 um
addspacers:  Inserting 8 stripes of width 1.6 um (2.0 um requested)
  Pitch 49.6 um, offset 49.6 um
stretch:  Number of components is 6430
Analysis of DEF file:
Number of components = 5655
New number of components = 6430
Number of rows = 44
Adjusting obstructions for power striping
Done with addspacers.tcl
Running arrangepins to adjust pin positions for optimal routing.
arrangepins.tcl  phoeniX
Reading info file phoeniX.info. . .
Reading DEF file phoeniX.def. . .
Recalculating pin positions
Writing DEF file phoeniX_mod.def. . .
Done with arrangepins.tcl
blifanno.tcl /home/arvin/Desktop/QFlow_test/phoeniX/synthesis/phoeniX.blif phoeniX.def /home/arvin/Desktop/QFlow_test/phoeniX/synthesis/phoeniX_anno.blif
Running blifanno.tcl
Reading DEF file phoeniX.def. . .
Done with blifanno.tcl

Generating RTL verilog and SPICE netlist file in directory
   /home/arvin/Desktop/QFlow_test/phoeniX/synthesis
Files:
   Verilog: /home/arvin/Desktop/QFlow_test/phoeniX/synthesis/phoeniX.rtl.v
   Verilog: /home/arvin/Desktop/QFlow_test/phoeniX/synthesis/phoeniX.rtlnopwr.v
   Verilog: /home/arvin/Desktop/QFlow_test/phoeniX/synthesis/phoeniX.rtlbb.v
   Spice:   /home/arvin/Desktop/QFlow_test/phoeniX/synthesis/phoeniX.spc

Running blif2Verilog.
Running blif2BSpice.
Placement script ended on Thu 31 Aug 2023 02:11:40 PM +0330
