Qflow DRC logfile created on Thu 31 Aug 2023 02:24:46 PM +0330
magic -dnull -noconsole  /home/arvin/Desktop/QFlow_test/phoeniX/layout/run_drc_phoeniX.tcl

Magic 8.3 revision 50 - Compiled on Tue 15 Aug 2023 09:47:27 PM +0330.
Starting magic under Tcl interpreter
Using the terminal as the console.
Using NULL graphics device.
Processing system .magicrc file
Input style lambda=0.10(p): scaleFactor=10, multiplier=1
Contact size value ignored (using GDS generation rules).
Contact size value ignored (using GDS generation rules).
Contact size value ignored (using GDS generation rules).
Contact size value ignored (using GDS generation rules).
Contact size value ignored (using GDS generation rules).
Contact size value ignored (using GDS generation rules).
Loading "/home/arvin/Desktop/QFlow_test/phoeniX/layout/run_drc_phoeniX.tcl" from command line.
Reading LEF data from file /usr/local/share/qflow/tech/osu018/osu018_stdcells.lef.
This action cannot be undone.
LEF read, Line 16 (Message): Unknown keyword "OBS" in LEF file; ignoring.
LEF read, Line 17 (Message): Unknown keyword "PIN" in LEF file; ignoring.
LEF read: Processed 2941 lines.
phoeniX: 10000 rects
phoeniX: 20000 rects
phoeniX: 30000 rects
phoeniX: 40000 rects
phoeniX: 50000 rects
phoeniX: 60000 rects
phoeniX: 70000 rects
phoeniX: 80000 rects
Processing timestamp mismatches: FILL, OAI21X1, BUFX2, NOR2X1, AOI22X1, INVX1, OAI22X1, NAND2X1, INVX2, NAND3X1, INVX4, DFFPOSX1, OR2X2, BUFX4, AOI21X1, XOR2X1, NOR3X1, CLKBUF1, AND2X2, XNOR2X1, INVX8, MUX2X1.
drc = 0
DRC checking script ended on Thu 31 Aug 2023 02:24:50 PM +0330
